-------------------------------------------------------------------------------
Test set: com.gvendas.gestaovendas.GestaoVendasApplicationTests
-------------------------------------------------------------------------------
Tests run: 1, Failures: 0, Errors: 1, Skipped: 0, Time elapsed: 14.304 s <<< FAILURE! - in com.gvendas.gestaovendas.GestaoVendasApplicationTests
contextLoads  Time elapsed: 0.01 s  <<< ERROR!
java.lang.IllegalStateException: Failed to load ApplicationContext
Caused by: org.springframework.beans.factory.UnsatisfiedDependencyException: Error creating bean with name 'categoriaServico': Unsatisfied dependency expressed through field 'categoriaRepositorio'; nested exception is org.springframework.beans.factory.BeanCreationException: Error creating bean with name 'categoriaRepositorio' defined in com.gvendas.gestaovendas.repositorio.CategoriaRepositorio defined in @EnableJpaRepositories declared on GestaoVendasApplication: Cannot create inner bean '(inner bean)#7e74a380' of type [org.springframework.orm.jpa.SharedEntityManagerCreator] while setting bean property 'entityManager'; nested exception is org.springframework.beans.factory.BeanCreationException: Error creating bean with name '(inner bean)#7e74a380': Cannot resolve reference to bean 'entityManagerFactory' while setting constructor argument; nested exception is org.springframework.beans.factory.NoSuchBeanDefinitionException: No bean named 'entityManagerFactory' available
Caused by: org.springframework.beans.factory.BeanCreationException: Error creating bean with name 'categoriaRepositorio' defined in com.gvendas.gestaovendas.repositorio.CategoriaRepositorio defined in @EnableJpaRepositories declared on GestaoVendasApplication: Cannot create inner bean '(inner bean)#7e74a380' of type [org.springframework.orm.jpa.SharedEntityManagerCreator] while setting bean property 'entityManager'; nested exception is org.springframework.beans.factory.BeanCreationException: Error creating bean with name '(inner bean)#7e74a380': Cannot resolve reference to bean 'entityManagerFactory' while setting constructor argument; nested exception is org.springframework.beans.factory.NoSuchBeanDefinitionException: No bean named 'entityManagerFactory' available
Caused by: org.springframework.beans.factory.BeanCreationException: Error creating bean with name '(inner bean)#7e74a380': Cannot resolve reference to bean 'entityManagerFactory' while setting constructor argument; nested exception is org.springframework.beans.factory.NoSuchBeanDefinitionException: No bean named 'entityManagerFactory' available
Caused by: org.springframework.beans.factory.NoSuchBeanDefinitionException: No bean named 'entityManagerFactory' available

