-------------------------------------------------------------------------------
Test set: com.gvendas.gestaovendas.GestaoVendasApplicationTests
-------------------------------------------------------------------------------
Tests run: 1, Failures: 0, Errors: 1, Skipped: 0, Time elapsed: 23.7 s <<< FAILURE! - in com.gvendas.gestaovendas.GestaoVendasApplicationTests
contextLoads  Time elapsed: 0.141 s  <<< ERROR!
java.lang.IllegalStateException: Failed to load ApplicationContext
Caused by: org.springframework.beans.factory.UnsatisfiedDependencyException: Error creating bean with name 'documentationPluginsBootstrapper' defined in URL [jar:file:/C:/Users/letic/.m2/repository/io/springfox/springfox-spring-web/3.0.0/springfox-spring-web-3.0.0.jar!/springfox/documentation/spring/web/plugins/DocumentationPluginsBootstrapper.class]: Unsatisfied dependency expressed through constructor parameter 1; nested exception is org.springframework.beans.factory.UnsatisfiedDependencyException: Error creating bean with name 'webMvcRequestHandlerProvider' defined in URL [jar:file:/C:/Users/letic/.m2/repository/io/springfox/springfox-spring-webmvc/3.0.0/springfox-spring-webmvc-3.0.0.jar!/springfox/documentation/spring/web/plugins/WebMvcRequestHandlerProvider.class]: Unsatisfied dependency expressed through constructor parameter 2; nested exception is org.springframework.beans.factory.UnsatisfiedDependencyException: Error creating bean with name 'org.springframework.web.servlet.config.annotation.DelegatingWebMvcConfiguration': Unsatisfied dependency expressed through method 'setConfigurers' parameter 0; nested exception is org.springframework.beans.factory.UnsatisfiedDependencyException: Error creating bean with name 'tracingHandlerInterceptor' defined in class path resource [io/opentracing/contrib/spring/web/starter/ServerTracingAutoConfiguration.class]: Unsatisfied dependency expressed through method 'tracingHandlerInterceptor' parameter 0; nested exception is org.springframework.beans.factory.UnsatisfiedDependencyException: Error creating bean with name 'tracer' defined in class path resource [io/opentracing/contrib/java/spring/jaeger/starter/JaegerAutoConfiguration.class]: Unsatisfied dependency expressed through method 'tracer' parameter 1; nested exception is org.springframework.beans.factory.BeanCreationException: Error creating bean with name 'reporter' defined in class path resource [io/opentracing/contrib/java/spring/jaeger/starter/JaegerAutoConfiguration.class]: Bean instantiation via factory method failed; nested exception is org.springframework.beans.BeanInstantiationException: Failed to instantiate [io.jaegertracing.spi.Reporter]: Factory method 'reporter' threw exception; nested exception is java.lang.RuntimeException: TUDPTransport cannot connect: 
Caused by: org.springframework.beans.factory.UnsatisfiedDependencyException: Error creating bean with name 'webMvcRequestHandlerProvider' defined in URL [jar:file:/C:/Users/letic/.m2/repository/io/springfox/springfox-spring-webmvc/3.0.0/springfox-spring-webmvc-3.0.0.jar!/springfox/documentation/spring/web/plugins/WebMvcRequestHandlerProvider.class]: Unsatisfied dependency expressed through constructor parameter 2; nested exception is org.springframework.beans.factory.UnsatisfiedDependencyException: Error creating bean with name 'org.springframework.web.servlet.config.annotation.DelegatingWebMvcConfiguration': Unsatisfied dependency expressed through method 'setConfigurers' parameter 0; nested exception is org.springframework.beans.factory.UnsatisfiedDependencyException: Error creating bean with name 'tracingHandlerInterceptor' defined in class path resource [io/opentracing/contrib/spring/web/starter/ServerTracingAutoConfiguration.class]: Unsatisfied dependency expressed through method 'tracingHandlerInterceptor' parameter 0; nested exception is org.springframework.beans.factory.UnsatisfiedDependencyException: Error creating bean with name 'tracer' defined in class path resource [io/opentracing/contrib/java/spring/jaeger/starter/JaegerAutoConfiguration.class]: Unsatisfied dependency expressed through method 'tracer' parameter 1; nested exception is org.springframework.beans.factory.BeanCreationException: Error creating bean with name 'reporter' defined in class path resource [io/opentracing/contrib/java/spring/jaeger/starter/JaegerAutoConfiguration.class]: Bean instantiation via factory method failed; nested exception is org.springframework.beans.BeanInstantiationException: Failed to instantiate [io.jaegertracing.spi.Reporter]: Factory method 'reporter' threw exception; nested exception is java.lang.RuntimeException: TUDPTransport cannot connect: 
Caused by: org.springframework.beans.factory.UnsatisfiedDependencyException: Error creating bean with name 'org.springframework.web.servlet.config.annotation.DelegatingWebMvcConfiguration': Unsatisfied dependency expressed through method 'setConfigurers' parameter 0; nested exception is org.springframework.beans.factory.UnsatisfiedDependencyException: Error creating bean with name 'tracingHandlerInterceptor' defined in class path resource [io/opentracing/contrib/spring/web/starter/ServerTracingAutoConfiguration.class]: Unsatisfied dependency expressed through method 'tracingHandlerInterceptor' parameter 0; nested exception is org.springframework.beans.factory.UnsatisfiedDependencyException: Error creating bean with name 'tracer' defined in class path resource [io/opentracing/contrib/java/spring/jaeger/starter/JaegerAutoConfiguration.class]: Unsatisfied dependency expressed through method 'tracer' parameter 1; nested exception is org.springframework.beans.factory.BeanCreationException: Error creating bean with name 'reporter' defined in class path resource [io/opentracing/contrib/java/spring/jaeger/starter/JaegerAutoConfiguration.class]: Bean instantiation via factory method failed; nested exception is org.springframework.beans.BeanInstantiationException: Failed to instantiate [io.jaegertracing.spi.Reporter]: Factory method 'reporter' threw exception; nested exception is java.lang.RuntimeException: TUDPTransport cannot connect: 
Caused by: org.springframework.beans.factory.UnsatisfiedDependencyException: Error creating bean with name 'tracingHandlerInterceptor' defined in class path resource [io/opentracing/contrib/spring/web/starter/ServerTracingAutoConfiguration.class]: Unsatisfied dependency expressed through method 'tracingHandlerInterceptor' parameter 0; nested exception is org.springframework.beans.factory.UnsatisfiedDependencyException: Error creating bean with name 'tracer' defined in class path resource [io/opentracing/contrib/java/spring/jaeger/starter/JaegerAutoConfiguration.class]: Unsatisfied dependency expressed through method 'tracer' parameter 1; nested exception is org.springframework.beans.factory.BeanCreationException: Error creating bean with name 'reporter' defined in class path resource [io/opentracing/contrib/java/spring/jaeger/starter/JaegerAutoConfiguration.class]: Bean instantiation via factory method failed; nested exception is org.springframework.beans.BeanInstantiationException: Failed to instantiate [io.jaegertracing.spi.Reporter]: Factory method 'reporter' threw exception; nested exception is java.lang.RuntimeException: TUDPTransport cannot connect: 
Caused by: org.springframework.beans.factory.UnsatisfiedDependencyException: Error creating bean with name 'tracer' defined in class path resource [io/opentracing/contrib/java/spring/jaeger/starter/JaegerAutoConfiguration.class]: Unsatisfied dependency expressed through method 'tracer' parameter 1; nested exception is org.springframework.beans.factory.BeanCreationException: Error creating bean with name 'reporter' defined in class path resource [io/opentracing/contrib/java/spring/jaeger/starter/JaegerAutoConfiguration.class]: Bean instantiation via factory method failed; nested exception is org.springframework.beans.BeanInstantiationException: Failed to instantiate [io.jaegertracing.spi.Reporter]: Factory method 'reporter' threw exception; nested exception is java.lang.RuntimeException: TUDPTransport cannot connect: 
Caused by: org.springframework.beans.factory.BeanCreationException: Error creating bean with name 'reporter' defined in class path resource [io/opentracing/contrib/java/spring/jaeger/starter/JaegerAutoConfiguration.class]: Bean instantiation via factory method failed; nested exception is org.springframework.beans.BeanInstantiationException: Failed to instantiate [io.jaegertracing.spi.Reporter]: Factory method 'reporter' threw exception; nested exception is java.lang.RuntimeException: TUDPTransport cannot connect: 
Caused by: org.springframework.beans.BeanInstantiationException: Failed to instantiate [io.jaegertracing.spi.Reporter]: Factory method 'reporter' threw exception; nested exception is java.lang.RuntimeException: TUDPTransport cannot connect: 
Caused by: java.lang.RuntimeException: TUDPTransport cannot connect: 
Caused by: java.net.SocketException: Unresolved address
Caused by: java.nio.channels.UnresolvedAddressException

